This is pdfTeX, Version 3.141592653-2.6-1.40.22 (TeX Live 2022/dev/Debian) (preloaded format=latex 2022.12.19)  19 DEC 2022 18:44
entering extended mode
 restricted \write18 enabled.
 %&-line parsing enabled.
**sample_paper.tex
(./sample_paper.tex
LaTeX2e <2021-11-15> patch level 1
L3 programming layer <2022-01-21>

! LaTeX Error: File `llncs.cls' not found.

Type X to quit or <RETURN> to proceed,
or enter new name. (Default extension: cls)

Enter file name: render.dvi

! LaTeX Error: File `render.dvi' not found.

Type X to quit or <RETURN> to proceed,
or enter new name. (Default extension: dvi)

Enter file name: sample_paper.tex
(./sample_paper.tex

! LaTeX Error: Two \documentclass or \documentstyle commands.

See the LaTeX manual or LaTeX Companion for explanation.
Type  H <return>  for immediate help.
 ...                                              
                                                  
l.5 \documentclass[runningheads]{
                                 llncs}
? 
! Emergency stop.
 ...                                              
                                                  
l.5 \documentclass[runningheads]{
                                 llncs}
The document may only declare one class.

 
Here is how much of TeX's memory you used:
 35 strings out of 480248
 851 string characters out of 5896176
 283955 words of memory out of 5000000
 18073 multiletter control sequences out of 15000+600000
 469259 words of font info for 28 fonts, out of 8000000 for 9000
 14 hyphenation exceptions out of 8191
 25i,0n,34p,109b,18s stack positions out of 5000i,500n,10000p,200000b,80000s
No pages of output.
